WARNING:torch.distributed.run:
*****************************************
Setting OMP_NUM_THREADS environment variable for each process to be 1 in default, to avoid your system being overloaded, please further tune the variable for optimal performance in your application as needed. 
*****************************************
broadcast
single
x_1:
tensor([[[ 1.7860e-01,  2.4021e-01,  8.0892e-01, -1.1259e-01, -4.4111e-01,
           1.8771e+00,  5.2742e-02, -6.8611e-01, -2.4788e-01,  8.9550e-01,
           4.7108e-01,  1.1091e-01,  7.6155e-03, -7.1371e-01, -1.0388e+00,
           8.2686e-01, -4.0496e-01, -1.0408e-01, -5.4127e-01,  3.2395e-01,
          -4.6960e-01,  5.7934e-02, -3.5405e-01, -8.6584e-02, -2.2961e-01,
           5.6652e-01, -7.1219e-01, -5.5278e-01,  4.6697e-02,  8.2124e-01,
          -3.8727e-01, -9.4852e-01],
         [ 2.2410e-01,  1.7190e-02, -4.0040e-01,  9.8821e-01,  2.2718e-01,
          -5.5493e-01,  2.2143e-02,  3.8810e-01,  3.3758e-01, -9.2597e-01,
          -1.0334e+00, -1.8607e-01,  1.2976e+00, -6.5057e-02,  2.1103e-02,
          -4.3773e-01,  2.4233e-01, -1.2808e-01, -2.7672e-01, -7.5864e-01,
           6.8910e-01,  2.1898e-01,  5.9533e-01,  3.3997e-01, -6.5828e-01,
          -1.4121e+00, -2.3719e-01,  2.6369e-01, -3.0767e-01, -2.8103e-01,
          -2.1418e-01, -6.2204e-01],
         [-4.5493e-01, -1.3606e-01, -7.7401e-01, -4.5606e-01, -2.9424e-01,
           7.5099e-01, -5.1424e-01, -7.6753e-02, -2.7677e-01,  4.8030e-01,
          -7.9522e-01, -1.0250e+00, -9.0423e-01, -1.4439e-02, -2.2512e-01,
           1.3399e+00, -2.0631e+00, -2.0422e-01,  1.4216e-01, -4.7267e-01,
           7.3594e-01, -5.1273e-01,  7.7067e-01,  3.9303e-02, -1.1938e+00,
           8.6401e-01, -5.7780e-01,  1.1653e-02,  6.6328e-01,  3.4409e-01,
          -1.0432e+00, -1.7450e-01],
         [ 4.6308e-01,  4.6946e-01,  4.9931e-01,  1.3550e-01, -1.8288e-01,
           1.9183e+00,  2.7367e-01, -3.4166e-01, -1.9606e-01,  4.9432e-01,
           4.3882e-01,  1.2249e-01,  3.1663e-02, -6.3717e-01, -7.1010e-01,
           5.1664e-01, -7.0518e-02,  1.2184e-01, -1.7916e-01,  5.9274e-02,
          -6.1210e-01, -1.6657e-01, -3.3564e-01,  1.1343e-01,  5.3758e-02,
           5.5223e-01, -6.5493e-01, -7.4504e-01,  1.7925e-01,  5.9100e-02,
          -2.3044e-01, -1.0005e+00],
         [ 3.3282e-01, -9.2376e-02, -6.9220e-01,  1.2509e+00,  3.0985e-01,
          -3.0045e-01,  3.9123e-01,  6.4142e-01,  3.7493e-01, -1.1242e+00,
          -9.0025e-01, -2.3728e-01,  1.1413e+00, -1.7200e-01,  2.5077e-01,
          -6.9988e-01,  6.4941e-01,  2.7597e-01, -2.9000e-02, -6.4575e-01,
           5.6392e-01, -2.4211e-02,  2.4824e-01,  5.5577e-01, -5.3501e-02,
          -1.2278e+00, -3.1717e-01,  2.5147e-01,  1.8251e-01, -8.3270e-01,
          -2.6803e-01, -2.9133e-01]],

        [[-7.8007e-02,  6.4049e-01, -3.0811e-01, -6.6475e-01, -2.9630e-02,
           1.0314e+00, -5.1075e-01, -2.6692e-01,  2.5925e-01,  4.5958e-01,
           1.9662e-01, -5.6342e-01, -2.2982e-03, -1.0973e+00, -1.0191e+00,
           5.1546e-01, -1.2094e+00, -4.4195e-01, -8.2632e-01,  2.3446e-01,
           1.7557e-02,  3.9208e-01,  1.9486e-02, -2.8783e-01, -2.7292e-01,
           2.9280e-01, -4.2007e-01, -1.1427e+00, -6.0439e-01,  1.2450e+00,
           1.0300e-01, -2.2535e-01],
         [ 8.7311e-02,  5.4523e-01,  4.2429e-02,  4.9302e-01, -2.9754e-01,
           1.6523e+00, -9.0672e-01,  3.5192e-01,  9.1831e-01,  1.0808e-01,
          -2.8400e-01, -4.3051e-02,  8.6351e-01, -3.4081e-01, -4.6300e-01,
           9.3319e-01, -7.5804e-01, -3.2112e-01, -9.8949e-02, -6.1007e-01,
          -1.6287e-01, -8.4862e-02,  3.4654e-01,  9.1419e-03, -1.9722e-01,
          -1.3300e-01,  1.3157e-01, -9.3941e-01,  6.8123e-02,  2.5407e-01,
          -2.1058e-01, -8.3013e-01],
         [ 2.7115e-01, -7.6562e-02,  4.1561e-01, -7.0423e-01, -6.9529e-01,
          -5.3482e-01, -6.0497e-01, -3.9639e-01, -4.8848e-01, -1.4793e-01,
          -5.3993e-01, -9.5638e-02, -3.0847e-01, -3.2714e-01, -5.2223e-01,
           7.4781e-01, -8.3299e-01, -1.7146e-01,  5.3350e-02, -1.2946e-01,
           3.1686e-01,  2.9292e-01,  4.5067e-01, -6.3149e-01, -9.8248e-01,
          -1.0338e-01,  1.3670e-01, -4.5832e-01, -1.0748e+00,  8.9260e-01,
          -1.2321e-01, -7.3542e-01],
         [ 1.3786e-01, -6.3020e-01, -4.1869e-01,  8.9907e-01, -9.9559e-01,
           1.6438e-01,  1.3722e-01,  7.7026e-01, -3.9160e-01,  6.9767e-01,
          -3.0721e-01,  7.4469e-01,  2.2830e-01,  9.9916e-01,  1.0285e+00,
           2.3474e-01,  1.0613e+00,  5.6208e-01,  7.6149e-01, -7.1157e-01,
          -2.0539e-01,  1.6868e-01,  6.2490e-01,  1.1310e+00, -3.0239e-02,
          -1.2029e+00,  2.1072e-01, -7.9307e-01,  1.3906e+00,  8.0474e-03,
          -1.8088e-01, -7.3250e-01],
         [ 3.6917e-01,  3.2706e-01, -4.7608e-01,  1.0662e+00, -9.8600e-02,
           1.6281e+00,  4.0826e-01,  6.3974e-01, -8.7742e-02,  2.5142e-01,
          -5.0264e-01, -5.7857e-01,  1.1383e-01, -3.0393e-01, -8.8322e-03,
           3.7821e-01, -4.3975e-01,  2.6223e-01, -2.8689e-01, -3.3666e-01,
           2.2342e-01, -7.1972e-01, -5.7577e-01,  1.4165e-01, -3.5828e-01,
           4.9088e-01, -7.2972e-01,  1.4612e-01,  5.6838e-01, -4.8673e-01,
          -9.4347e-01, -3.4009e-01]],

        [[ 4.0167e-01, -3.4074e-01, -5.3241e-01,  7.2889e-02, -6.7259e-01,
           1.7082e+00, -1.4116e-01, -1.4080e-01,  1.9180e-01,  1.7838e-01,
          -3.3944e-01, -6.9573e-01, -2.1741e-01, -1.0517e+00, -5.7685e-01,
           5.4610e-01, -9.9622e-01,  7.9020e-02,  1.7017e-01,  5.6618e-01,
           2.2959e-01, -6.1580e-01, -3.1483e-01,  4.9742e-01,  4.3972e-01,
           3.4713e-01, -9.9649e-01, -2.0109e-01, -5.1625e-01, -3.4053e-01,
          -7.1372e-01, -4.3928e-01],
         [ 4.4387e-01,  1.8399e-01, -7.9389e-01, -6.9767e-01,  2.8466e-01,
           1.2267e+00,  2.1129e-01, -3.8819e-01, -9.7157e-02, -1.8097e-02,
           1.9042e-01, -1.0042e+00, -7.4698e-01, -7.5364e-01, -5.1190e-01,
           6.5546e-02, -1.2938e+00, -4.5680e-02,  1.1113e-01,  9.3125e-02,
           1.4579e-01, -1.9737e-01,  4.5145e-01,  4.0689e-01, -7.4920e-02,
           9.1819e-01, -7.5213e-01, -6.7850e-01, -4.4874e-01, -2.7490e-01,
          -2.1683e-01, -5.2956e-01],
         [ 1.6583e-01,  3.6662e-01, -1.8823e-01,  6.9733e-01,  2.0159e-01,
           2.0003e+00, -2.9000e-01,  5.5638e-01,  1.6925e+00, -1.2173e+00,
          -4.2978e-01, -4.2518e-01,  3.6761e-01, -8.0610e-01, -6.9573e-01,
           4.7241e-01, -1.0404e+00,  2.6861e-01, -4.9401e-02, -6.3832e-01,
           1.4945e-03, -1.1176e+00, -1.8220e-01, -6.1342e-01,  4.4053e-01,
           7.8863e-01,  4.7651e-01, -1.2862e-01, -4.3922e-01, -1.0323e+00,
          -4.8570e-01,  1.4248e-02],
         [-1.8007e-01,  6.1925e-01, -1.2669e-01,  9.7269e-01,  1.2264e-01,
           4.0681e-01, -1.1143e+00,  9.2591e-01,  4.6386e-01,  3.2126e-01,
          -8.3022e-02,  3.4477e-01, -3.6926e-01,  5.7266e-01,  4.5562e-01,
           1.5664e+00, -8.8244e-01,  2.6249e-01,  6.2790e-01, -1.2247e+00,
          -2.9137e-02, -4.8461e-01,  4.1658e-01,  8.8472e-01, -2.9036e-01,
           4.1174e-01,  5.9569e-02, -1.3579e+00,  7.9335e-01, -4.2671e-01,
          -2.3104e-01,  1.1105e-01],
         [-5.0611e-01, -2.7890e-01, -9.9585e-01, -3.4478e-03,  4.0689e-03,
           1.1968e+00, -4.5590e-02, -4.7264e-02, -4.7225e-02,  2.5905e-01,
          -5.6898e-01, -1.0095e+00, -7.0780e-01, -3.0340e-01, -2.7438e-01,
           9.5464e-01, -1.5145e+00,  9.8120e-02,  1.5463e-01, -1.9981e-01,
           6.2057e-01, -7.2200e-01,  3.7277e-01,  5.4309e-01, -4.0212e-01,
           8.5546e-01, -1.0404e+00,  2.2618e-01,  1.2146e+00, -2.5492e-01,
          -1.1214e+00,  1.8839e-01]],

        [[-1.1117e-02, -1.1580e-02, -2.9717e-01,  9.9892e-01,  4.0086e-01,
          -4.9530e-01,  2.0237e-01,  2.0136e-02,  1.4272e-02, -5.8426e-01,
          -8.4504e-01, -6.4930e-02,  1.3962e+00,  9.7843e-02, -2.5454e-01,
          -4.6029e-01,  3.2799e-01, -2.6784e-01, -5.5165e-01, -6.2560e-01,
           7.3434e-01,  3.4165e-01,  6.6274e-01,  7.6935e-01, -7.3349e-01,
          -1.4784e+00, -7.7863e-01,  4.9673e-01, -1.6278e-01,  5.7992e-02,
          -2.8446e-01, -6.2600e-01],
         [-4.9290e-02,  2.2537e-01,  3.3775e-01,  5.8372e-01, -5.5260e-02,
           2.1762e+00, -2.1511e-01,  1.7557e-01,  1.5513e+00, -6.7815e-01,
          -3.3138e-01, -2.3847e-01,  2.6755e-01, -8.0742e-01, -9.7282e-01,
           7.4130e-01, -1.1370e+00,  1.7197e-01, -4.7596e-01, -5.3696e-01,
          -6.4053e-02, -1.0480e+00, -2.5074e-01, -8.3941e-01,  7.6802e-02,
           7.5976e-01,  4.0464e-01,  2.7373e-02, -4.9480e-01, -4.5107e-01,
          -6.3948e-01, -1.9463e-01],
         [ 8.3501e-02,  8.1205e-01, -1.3325e+00, -7.4022e-02,  1.6850e+00,
           5.6446e-02,  1.0348e+00,  1.2198e-01,  2.6951e-02, -9.0474e-01,
           2.8341e-01, -1.1063e+00, -2.8068e-01, -6.5350e-01, -3.5377e-01,
          -1.1196e+00, -4.1513e-01,  2.6800e-01, -7.3907e-01, -5.0437e-01,
           4.1080e-01,  1.0932e-01,  2.7784e-01,  3.5812e-01, -4.0538e-02,
           4.8872e-01, -7.0029e-01, -5.5040e-01,  1.2511e-01, -3.3817e-01,
           1.9702e-01,  5.2208e-01],
         [ 7.5214e-01, -6.8472e-01, -8.5558e-01,  8.7786e-01, -1.0271e+00,
           7.6178e-01, -1.2307e-01,  9.6219e-01, -4.1252e-01,  1.6747e-01,
           3.1762e-02,  4.6009e-02, -6.3168e-03,  5.5577e-01,  7.0766e-01,
           1.3356e-02,  6.1799e-01,  8.1394e-01,  1.0589e+00,  2.5143e-02,
           6.1844e-02, -7.2858e-02, -2.0706e-01,  1.4350e+00,  1.2836e+00,
          -2.7082e-01, -1.8598e-02, -9.9840e-01,  3.5124e-01, -3.3361e-02,
          -3.0024e-01,  4.9413e-02],
         [ 6.6465e-01, -8.0876e-01, -8.5229e-01,  8.9930e-01, -1.0559e+00,
           9.4205e-01,  1.1115e-01,  8.8402e-01, -3.2873e-01,  1.4584e-01,
           4.2717e-02,  4.5349e-02,  4.4311e-02,  3.0664e-01,  6.2178e-01,
          -9.4532e-02,  8.2536e-01,  9.0193e-01,  9.5574e-01,  2.0780e-01,
          -1.3679e-02, -1.1545e-01, -3.9444e-01,  1.3320e+00,  1.4370e+00,
          -3.0828e-01, -1.1840e-01, -8.2067e-01,  6.3351e-01, -1.2223e-01,
          -3.6801e-01,  1.1495e-01]]], device='cuda:0')
multi generator
multi
x_2:
tensor([[[ 1.7860e-01,  2.4021e-01,  8.0892e-01, -1.1259e-01, -4.4111e-01,
           1.8771e+00,  5.2742e-02, -6.8611e-01, -2.4788e-01,  8.9550e-01,
           4.7108e-01,  1.1091e-01,  7.6154e-03, -7.1371e-01, -1.0388e+00,
           8.2686e-01, -4.0496e-01, -1.0408e-01, -5.4127e-01,  3.2395e-01,
          -4.6960e-01,  5.7934e-02, -3.5405e-01, -8.6584e-02, -2.2961e-01,
           5.6652e-01, -7.1219e-01, -5.5278e-01,  4.6697e-02,  8.2124e-01,
          -3.8727e-01, -9.4852e-01],
         [ 2.2410e-01,  1.7190e-02, -4.0040e-01,  9.8821e-01,  2.2718e-01,
          -5.5493e-01,  2.2143e-02,  3.8810e-01,  3.3758e-01, -9.2597e-01,
          -1.0334e+00, -1.8607e-01,  1.2976e+00, -6.5057e-02,  2.1103e-02,
          -4.3773e-01,  2.4233e-01, -1.2808e-01, -2.7672e-01, -7.5864e-01,
           6.8910e-01,  2.1898e-01,  5.9533e-01,  3.3997e-01, -6.5828e-01,
          -1.4121e+00, -2.3719e-01,  2.6369e-01, -3.0767e-01, -2.8103e-01,
          -2.1418e-01, -6.2204e-01],
         [-4.5493e-01, -1.3606e-01, -7.7401e-01, -4.5606e-01, -2.9424e-01,
           7.5099e-01, -5.1424e-01, -7.6753e-02, -2.7677e-01,  4.8030e-01,
          -7.9522e-01, -1.0250e+00, -9.0423e-01, -1.4439e-02, -2.2512e-01,
           1.3399e+00, -2.0631e+00, -2.0422e-01,  1.4216e-01, -4.7267e-01,
           7.3594e-01, -5.1273e-01,  7.7067e-01,  3.9304e-02, -1.1938e+00,
           8.6401e-01, -5.7780e-01,  1.1653e-02,  6.6328e-01,  3.4409e-01,
          -1.0432e+00, -1.7450e-01],
         [ 4.6308e-01,  4.6946e-01,  4.9931e-01,  1.3550e-01, -1.8288e-01,
           1.9183e+00,  2.7367e-01, -3.4166e-01, -1.9606e-01,  4.9432e-01,
           4.3882e-01,  1.2249e-01,  3.1663e-02, -6.3717e-01, -7.1010e-01,
           5.1664e-01, -7.0518e-02,  1.2184e-01, -1.7916e-01,  5.9274e-02,
          -6.1210e-01, -1.6657e-01, -3.3564e-01,  1.1343e-01,  5.3758e-02,
           5.5223e-01, -6.5493e-01, -7.4504e-01,  1.7925e-01,  5.9100e-02,
          -2.3044e-01, -1.0005e+00],
         [ 3.3282e-01, -9.2376e-02, -6.9220e-01,  1.2509e+00,  3.0985e-01,
          -3.0045e-01,  3.9123e-01,  6.4142e-01,  3.7493e-01, -1.1242e+00,
          -9.0025e-01, -2.3728e-01,  1.1413e+00, -1.7200e-01,  2.5077e-01,
          -6.9988e-01,  6.4941e-01,  2.7597e-01, -2.9000e-02, -6.4575e-01,
           5.6392e-01, -2.4211e-02,  2.4824e-01,  5.5577e-01, -5.3501e-02,
          -1.2278e+00, -3.1717e-01,  2.5147e-01,  1.8251e-01, -8.3270e-01,
          -2.6803e-01, -2.9133e-01]],

        [[-7.8007e-02,  6.4049e-01, -3.0811e-01, -6.6475e-01, -2.9630e-02,
           1.0314e+00, -5.1075e-01, -2.6693e-01,  2.5925e-01,  4.5958e-01,
           1.9662e-01, -5.6342e-01, -2.2982e-03, -1.0973e+00, -1.0191e+00,
           5.1546e-01, -1.2094e+00, -4.4195e-01, -8.2632e-01,  2.3446e-01,
           1.7557e-02,  3.9208e-01,  1.9485e-02, -2.8783e-01, -2.7292e-01,
           2.9280e-01, -4.2007e-01, -1.1427e+00, -6.0439e-01,  1.2450e+00,
           1.0300e-01, -2.2535e-01],
         [ 8.7311e-02,  5.4523e-01,  4.2429e-02,  4.9302e-01, -2.9754e-01,
           1.6523e+00, -9.0672e-01,  3.5192e-01,  9.1831e-01,  1.0808e-01,
          -2.8400e-01, -4.3051e-02,  8.6351e-01, -3.4081e-01, -4.6300e-01,
           9.3319e-01, -7.5804e-01, -3.2112e-01, -9.8949e-02, -6.1007e-01,
          -1.6287e-01, -8.4862e-02,  3.4654e-01,  9.1419e-03, -1.9722e-01,
          -1.3300e-01,  1.3157e-01, -9.3941e-01,  6.8123e-02,  2.5407e-01,
          -2.1058e-01, -8.3013e-01],
         [ 2.7115e-01, -7.6562e-02,  4.1561e-01, -7.0423e-01, -6.9529e-01,
          -5.3482e-01, -6.0497e-01, -3.9639e-01, -4.8848e-01, -1.4793e-01,
          -5.3993e-01, -9.5638e-02, -3.0847e-01, -3.2714e-01, -5.2223e-01,
           7.4781e-01, -8.3299e-01, -1.7146e-01,  5.3350e-02, -1.2946e-01,
           3.1686e-01,  2.9292e-01,  4.5067e-01, -6.3149e-01, -9.8248e-01,
          -1.0338e-01,  1.3670e-01, -4.5832e-01, -1.0748e+00,  8.9260e-01,
          -1.2321e-01, -7.3542e-01],
         [ 1.3786e-01, -6.3020e-01, -4.1869e-01,  8.9907e-01, -9.9559e-01,
           1.6438e-01,  1.3722e-01,  7.7026e-01, -3.9160e-01,  6.9767e-01,
          -3.0721e-01,  7.4469e-01,  2.2830e-01,  9.9916e-01,  1.0285e+00,
           2.3474e-01,  1.0613e+00,  5.6208e-01,  7.6149e-01, -7.1157e-01,
          -2.0539e-01,  1.6868e-01,  6.2490e-01,  1.1310e+00, -3.0239e-02,
          -1.2029e+00,  2.1072e-01, -7.9307e-01,  1.3906e+00,  8.0474e-03,
          -1.8088e-01, -7.3250e-01],
         [ 3.6917e-01,  3.2706e-01, -4.7608e-01,  1.0662e+00, -9.8600e-02,
           1.6281e+00,  4.0826e-01,  6.3974e-01, -8.7742e-02,  2.5142e-01,
          -5.0264e-01, -5.7857e-01,  1.1383e-01, -3.0393e-01, -8.8322e-03,
           3.7821e-01, -4.3975e-01,  2.6223e-01, -2.8689e-01, -3.3666e-01,
           2.2342e-01, -7.1972e-01, -5.7577e-01,  1.4165e-01, -3.5828e-01,
           4.9088e-01, -7.2972e-01,  1.4612e-01,  5.6838e-01, -4.8673e-01,
          -9.4347e-01, -3.4009e-01]],

        [[ 4.0167e-01, -3.4074e-01, -5.3241e-01,  7.2889e-02, -6.7259e-01,
           1.7082e+00, -1.4116e-01, -1.4080e-01,  1.9180e-01,  1.7838e-01,
          -3.3944e-01, -6.9573e-01, -2.1741e-01, -1.0517e+00, -5.7685e-01,
           5.4610e-01, -9.9622e-01,  7.9020e-02,  1.7017e-01,  5.6618e-01,
           2.2959e-01, -6.1580e-01, -3.1483e-01,  4.9742e-01,  4.3972e-01,
           3.4713e-01, -9.9649e-01, -2.0109e-01, -5.1625e-01, -3.4053e-01,
          -7.1372e-01, -4.3928e-01],
         [ 4.4387e-01,  1.8399e-01, -7.9389e-01, -6.9767e-01,  2.8466e-01,
           1.2267e+00,  2.1129e-01, -3.8819e-01, -9.7157e-02, -1.8097e-02,
           1.9042e-01, -1.0042e+00, -7.4698e-01, -7.5364e-01, -5.1190e-01,
           6.5546e-02, -1.2938e+00, -4.5680e-02,  1.1113e-01,  9.3125e-02,
           1.4579e-01, -1.9737e-01,  4.5145e-01,  4.0689e-01, -7.4920e-02,
           9.1819e-01, -7.5213e-01, -6.7850e-01, -4.4874e-01, -2.7490e-01,
          -2.1683e-01, -5.2956e-01],
         [ 1.6583e-01,  3.6662e-01, -1.8823e-01,  6.9733e-01,  2.0159e-01,
           2.0003e+00, -2.9000e-01,  5.5638e-01,  1.6925e+00, -1.2173e+00,
          -4.2978e-01, -4.2518e-01,  3.6761e-01, -8.0610e-01, -6.9573e-01,
           4.7241e-01, -1.0404e+00,  2.6861e-01, -4.9401e-02, -6.3832e-01,
           1.4944e-03, -1.1176e+00, -1.8220e-01, -6.1342e-01,  4.4053e-01,
           7.8863e-01,  4.7651e-01, -1.2862e-01, -4.3922e-01, -1.0323e+00,
          -4.8570e-01,  1.4248e-02],
         [-1.8007e-01,  6.1925e-01, -1.2669e-01,  9.7269e-01,  1.2264e-01,
           4.0681e-01, -1.1143e+00,  9.2591e-01,  4.6386e-01,  3.2126e-01,
          -8.3022e-02,  3.4477e-01, -3.6926e-01,  5.7266e-01,  4.5562e-01,
           1.5664e+00, -8.8244e-01,  2.6249e-01,  6.2790e-01, -1.2247e+00,
          -2.9137e-02, -4.8461e-01,  4.1658e-01,  8.8472e-01, -2.9036e-01,
           4.1174e-01,  5.9569e-02, -1.3579e+00,  7.9335e-01, -4.2671e-01,
          -2.3104e-01,  1.1105e-01],
         [-5.0611e-01, -2.7890e-01, -9.9585e-01, -3.4478e-03,  4.0689e-03,
           1.1968e+00, -4.5590e-02, -4.7264e-02, -4.7225e-02,  2.5905e-01,
          -5.6898e-01, -1.0095e+00, -7.0780e-01, -3.0340e-01, -2.7438e-01,
           9.5464e-01, -1.5145e+00,  9.8120e-02,  1.5463e-01, -1.9981e-01,
           6.2057e-01, -7.2200e-01,  3.7277e-01,  5.4309e-01, -4.0212e-01,
           8.5546e-01, -1.0404e+00,  2.2618e-01,  1.2146e+00, -2.5492e-01,
          -1.1214e+00,  1.8839e-01]],

        [[-1.1117e-02, -1.1580e-02, -2.9717e-01,  9.9892e-01,  4.0086e-01,
          -4.9530e-01,  2.0237e-01,  2.0136e-02,  1.4272e-02, -5.8426e-01,
          -8.4504e-01, -6.4930e-02,  1.3962e+00,  9.7843e-02, -2.5454e-01,
          -4.6029e-01,  3.2799e-01, -2.6784e-01, -5.5165e-01, -6.2560e-01,
           7.3434e-01,  3.4165e-01,  6.6274e-01,  7.6935e-01, -7.3349e-01,
          -1.4784e+00, -7.7863e-01,  4.9673e-01, -1.6278e-01,  5.7992e-02,
          -2.8446e-01, -6.2600e-01],
         [-4.9290e-02,  2.2537e-01,  3.3775e-01,  5.8372e-01, -5.5260e-02,
           2.1762e+00, -2.1511e-01,  1.7557e-01,  1.5513e+00, -6.7815e-01,
          -3.3138e-01, -2.3847e-01,  2.6755e-01, -8.0742e-01, -9.7282e-01,
           7.4130e-01, -1.1370e+00,  1.7197e-01, -4.7596e-01, -5.3696e-01,
          -6.4053e-02, -1.0480e+00, -2.5074e-01, -8.3941e-01,  7.6802e-02,
           7.5976e-01,  4.0464e-01,  2.7373e-02, -4.9480e-01, -4.5107e-01,
          -6.3948e-01, -1.9463e-01],
         [ 8.3501e-02,  8.1205e-01, -1.3325e+00, -7.4022e-02,  1.6850e+00,
           5.6446e-02,  1.0348e+00,  1.2198e-01,  2.6951e-02, -9.0474e-01,
           2.8341e-01, -1.1063e+00, -2.8068e-01, -6.5350e-01, -3.5377e-01,
          -1.1196e+00, -4.1513e-01,  2.6800e-01, -7.3907e-01, -5.0437e-01,
           4.1080e-01,  1.0932e-01,  2.7784e-01,  3.5812e-01, -4.0538e-02,
           4.8873e-01, -7.0029e-01, -5.5040e-01,  1.2511e-01, -3.3817e-01,
           1.9702e-01,  5.2208e-01],
         [ 7.5214e-01, -6.8472e-01, -8.5558e-01,  8.7786e-01, -1.0271e+00,
           7.6178e-01, -1.2307e-01,  9.6219e-01, -4.1252e-01,  1.6747e-01,
           3.1762e-02,  4.6009e-02, -6.3167e-03,  5.5577e-01,  7.0766e-01,
           1.3356e-02,  6.1799e-01,  8.1394e-01,  1.0589e+00,  2.5143e-02,
           6.1844e-02, -7.2858e-02, -2.0706e-01,  1.4350e+00,  1.2836e+00,
          -2.7082e-01, -1.8598e-02, -9.9840e-01,  3.5124e-01, -3.3361e-02,
          -3.0024e-01,  4.9413e-02],
         [ 6.6465e-01, -8.0876e-01, -8.5229e-01,  8.9930e-01, -1.0559e+00,
           9.4205e-01,  1.1115e-01,  8.8402e-01, -3.2873e-01,  1.4584e-01,
           4.2717e-02,  4.5349e-02,  4.4311e-02,  3.0664e-01,  6.2178e-01,
          -9.4532e-02,  8.2536e-01,  9.0193e-01,  9.5574e-01,  2.0780e-01,
          -1.3679e-02, -1.1545e-01, -3.9444e-01,  1.3320e+00,  1.4370e+00,
          -3.0828e-01, -1.1840e-01, -8.2067e-01,  6.3351e-01, -1.2223e-01,
          -3.6801e-01,  1.1495e-01]]], device='cuda:0')
is equal:True
