/home/victor/anaconda3/envs/nir/lib/python3.11/site-packages/torch/_utils.py:776: UserWarning: TypedStorage is deprecated. It will be removed in the future and UntypedStorage will be the only storage class. This should only matter to you if you are using storages directly.  To access UntypedStorage directly, use tensor.untyped_storage() instead of tensor.storage()
  return self.fget.__get__(instance, owner)()

=== Step 1 ===
embedding                     : torch.Size([2, 6, 2048])
block_0_self_attn             : (torch.Size([2, 6, 2048]), torch.Size([2, 32, 6, 6]), 'None')
block_0_fc1                   : torch.Size([12, 8192])
block_1_self_attn             : (torch.Size([2, 6, 2048]), torch.Size([2, 32, 6, 6]), 'None')
block_1_fc1                   : torch.Size([12, 8192])
block_2_self_attn             : (torch.Size([2, 6, 2048]), torch.Size([2, 32, 6, 6]), 'None')
block_2_fc1                   : torch.Size([12, 8192])
block_3_self_attn             : (torch.Size([2, 6, 2048]), torch.Size([2, 32, 6, 6]), 'None')
block_3_fc1                   : torch.Size([12, 8192])
block_4_self_attn             : (torch.Size([2, 6, 2048]), torch.Size([2, 32, 6, 6]), 'None')
block_4_fc1                   : torch.Size([12, 8192])
block_5_self_attn             : (torch.Size([2, 6, 2048]), torch.Size([2, 32, 6, 6]), 'None')
block_5_fc1                   : torch.Size([12, 8192])
block_6_self_attn             : (torch.Size([2, 6, 2048]), torch.Size([2, 32, 6, 6]), 'None')
block_6_fc1                   : torch.Size([12, 8192])
block_7_self_attn             : (torch.Size([2, 6, 2048]), torch.Size([2, 32, 6, 6]), 'None')
block_7_fc1                   : torch.Size([12, 8192])
block_8_self_attn             : (torch.Size([2, 6, 2048]), torch.Size([2, 32, 6, 6]), 'None')
block_8_fc1                   : torch.Size([12, 8192])
block_9_self_attn             : (torch.Size([2, 6, 2048]), torch.Size([2, 32, 6, 6]), 'None')
block_9_fc1                   : torch.Size([12, 8192])
block_10_self_attn            : (torch.Size([2, 6, 2048]), torch.Size([2, 32, 6, 6]), 'None')
block_10_fc1                  : torch.Size([12, 8192])
block_11_self_attn            : (torch.Size([2, 6, 2048]), torch.Size([2, 32, 6, 6]), 'None')
block_11_fc1                  : torch.Size([12, 8192])
block_12_self_attn            : (torch.Size([2, 6, 2048]), torch.Size([2, 32, 6, 6]), 'None')
block_12_fc1                  : torch.Size([12, 8192])
block_13_self_attn            : (torch.Size([2, 6, 2048]), torch.Size([2, 32, 6, 6]), 'None')
block_13_fc1                  : torch.Size([12, 8192])
block_14_self_attn            : (torch.Size([2, 6, 2048]), torch.Size([2, 32, 6, 6]), 'None')
block_14_fc1                  : torch.Size([12, 8192])
block_15_self_attn            : (torch.Size([2, 6, 2048]), torch.Size([2, 32, 6, 6]), 'None')
block_15_fc1                  : torch.Size([12, 8192])
block_16_self_attn            : (torch.Size([2, 6, 2048]), torch.Size([2, 32, 6, 6]), 'None')
block_16_fc1                  : torch.Size([12, 8192])
block_17_self_attn            : (torch.Size([2, 6, 2048]), torch.Size([2, 32, 6, 6]), 'None')
block_17_fc1                  : torch.Size([12, 8192])
block_18_self_attn            : (torch.Size([2, 6, 2048]), torch.Size([2, 32, 6, 6]), 'None')
block_18_fc1                  : torch.Size([12, 8192])
block_19_self_attn            : (torch.Size([2, 6, 2048]), torch.Size([2, 32, 6, 6]), 'None')
block_19_fc1                  : torch.Size([12, 8192])
block_20_self_attn            : (torch.Size([2, 6, 2048]), torch.Size([2, 32, 6, 6]), 'None')
block_20_fc1                  : torch.Size([12, 8192])
block_21_self_attn            : (torch.Size([2, 6, 2048]), torch.Size([2, 32, 6, 6]), 'None')
block_21_fc1                  : torch.Size([12, 8192])
block_22_self_attn            : (torch.Size([2, 6, 2048]), torch.Size([2, 32, 6, 6]), 'None')
block_22_fc1                  : torch.Size([12, 8192])
block_23_self_attn            : (torch.Size([2, 6, 2048]), torch.Size([2, 32, 6, 6]), 'None')
block_23_fc1                  : torch.Size([12, 8192])

=== Step 2 ===
embedding                     : torch.Size([2, 7, 2048])
block_0_self_attn             : (torch.Size([2, 7, 2048]), torch.Size([2, 32, 7, 7]), 'None')
block_0_fc1                   : torch.Size([14, 8192])
block_1_self_attn             : (torch.Size([2, 7, 2048]), torch.Size([2, 32, 7, 7]), 'None')
block_1_fc1                   : torch.Size([14, 8192])
block_2_self_attn             : (torch.Size([2, 7, 2048]), torch.Size([2, 32, 7, 7]), 'None')
block_2_fc1                   : torch.Size([14, 8192])
block_3_self_attn             : (torch.Size([2, 7, 2048]), torch.Size([2, 32, 7, 7]), 'None')
block_3_fc1                   : torch.Size([14, 8192])
block_4_self_attn             : (torch.Size([2, 7, 2048]), torch.Size([2, 32, 7, 7]), 'None')
block_4_fc1                   : torch.Size([14, 8192])
block_5_self_attn             : (torch.Size([2, 7, 2048]), torch.Size([2, 32, 7, 7]), 'None')
block_5_fc1                   : torch.Size([14, 8192])
block_6_self_attn             : (torch.Size([2, 7, 2048]), torch.Size([2, 32, 7, 7]), 'None')
block_6_fc1                   : torch.Size([14, 8192])
block_7_self_attn             : (torch.Size([2, 7, 2048]), torch.Size([2, 32, 7, 7]), 'None')
block_7_fc1                   : torch.Size([14, 8192])
block_8_self_attn             : (torch.Size([2, 7, 2048]), torch.Size([2, 32, 7, 7]), 'None')
block_8_fc1                   : torch.Size([14, 8192])
block_9_self_attn             : (torch.Size([2, 7, 2048]), torch.Size([2, 32, 7, 7]), 'None')
block_9_fc1                   : torch.Size([14, 8192])
block_10_self_attn            : (torch.Size([2, 7, 2048]), torch.Size([2, 32, 7, 7]), 'None')
block_10_fc1                  : torch.Size([14, 8192])
block_11_self_attn            : (torch.Size([2, 7, 2048]), torch.Size([2, 32, 7, 7]), 'None')
block_11_fc1                  : torch.Size([14, 8192])
block_12_self_attn            : (torch.Size([2, 7, 2048]), torch.Size([2, 32, 7, 7]), 'None')
block_12_fc1                  : torch.Size([14, 8192])
block_13_self_attn            : (torch.Size([2, 7, 2048]), torch.Size([2, 32, 7, 7]), 'None')
block_13_fc1                  : torch.Size([14, 8192])
block_14_self_attn            : (torch.Size([2, 7, 2048]), torch.Size([2, 32, 7, 7]), 'None')
block_14_fc1                  : torch.Size([14, 8192])
block_15_self_attn            : (torch.Size([2, 7, 2048]), torch.Size([2, 32, 7, 7]), 'None')
block_15_fc1                  : torch.Size([14, 8192])
block_16_self_attn            : (torch.Size([2, 7, 2048]), torch.Size([2, 32, 7, 7]), 'None')
block_16_fc1                  : torch.Size([14, 8192])
block_17_self_attn            : (torch.Size([2, 7, 2048]), torch.Size([2, 32, 7, 7]), 'None')
block_17_fc1                  : torch.Size([14, 8192])
block_18_self_attn            : (torch.Size([2, 7, 2048]), torch.Size([2, 32, 7, 7]), 'None')
block_18_fc1                  : torch.Size([14, 8192])
block_19_self_attn            : (torch.Size([2, 7, 2048]), torch.Size([2, 32, 7, 7]), 'None')
block_19_fc1                  : torch.Size([14, 8192])
block_20_self_attn            : (torch.Size([2, 7, 2048]), torch.Size([2, 32, 7, 7]), 'None')
block_20_fc1                  : torch.Size([14, 8192])
block_21_self_attn            : (torch.Size([2, 7, 2048]), torch.Size([2, 32, 7, 7]), 'None')
block_21_fc1                  : torch.Size([14, 8192])
block_22_self_attn            : (torch.Size([2, 7, 2048]), torch.Size([2, 32, 7, 7]), 'None')
block_22_fc1                  : torch.Size([14, 8192])
block_23_self_attn            : (torch.Size([2, 7, 2048]), torch.Size([2, 32, 7, 7]), 'None')
block_23_fc1                  : torch.Size([14, 8192])

=== Step 3 ===
embedding                     : torch.Size([2, 8, 2048])
block_0_self_attn             : (torch.Size([2, 8, 2048]), torch.Size([2, 32, 8, 8]), 'None')
block_0_fc1                   : torch.Size([16, 8192])
block_1_self_attn             : (torch.Size([2, 8, 2048]), torch.Size([2, 32, 8, 8]), 'None')
block_1_fc1                   : torch.Size([16, 8192])
block_2_self_attn             : (torch.Size([2, 8, 2048]), torch.Size([2, 32, 8, 8]), 'None')
block_2_fc1                   : torch.Size([16, 8192])
block_3_self_attn             : (torch.Size([2, 8, 2048]), torch.Size([2, 32, 8, 8]), 'None')
block_3_fc1                   : torch.Size([16, 8192])
block_4_self_attn             : (torch.Size([2, 8, 2048]), torch.Size([2, 32, 8, 8]), 'None')
block_4_fc1                   : torch.Size([16, 8192])
block_5_self_attn             : (torch.Size([2, 8, 2048]), torch.Size([2, 32, 8, 8]), 'NoneWARNING:torch.distributed.elastic.agent.server.api:Received 1 death signal, shutting down workers
WARNING:torch.distributed.elastic.multiprocessing.api:Sending process 2127 closing signal SIGHUP
WARNING:torch.distributed.elastic.multiprocessing.api:Sending process 2128 closing signal SIGHUP
Traceback (most recent call last):
  File "/home/victor/anaconda3/envs/nir/bin/torchrun", line 8, in <module>
    sys.exit(main())
             ^^^^^^
  File "/home/victor/anaconda3/envs/nir/lib/python3.11/site-packages/torch/distributed/elastic/multiprocessing/errors/__init__.py", line 346, in wrapper
    return f(*args, **kwargs)
           ^^^^^^^^^^^^^^^^^^
  File "/home/victor/anaconda3/envs/nir/lib/python3.11/site-packages/torch/distributed/run.py", line 794, in main
    run(args)
  File "/home/victor/anaconda3/envs/nir/lib/python3.11/site-packages/torch/distributed/run.py", line 785, in run
    elastic_launch(
  File "/home/victor/anaconda3/envs/nir/lib/python3.11/site-packages/torch/distributed/launcher/api.py", line 134, in __call__
    return launch_agent(self._config, self._entrypoint, list(args))
           ^^^^^^^^^^^^^^^^^^^^^^^^^^^^^^^^^^^^^^^^^^^^^^^^^^^^^^^^
  File "/home/victor/anaconda3/envs/nir/lib/python3.11/site-packages/torch/distributed/launcher/api.py", line 241, in launch_agent
    result = agent.run()
             ^^^^^^^^^^^
  File "/home/victor/anaconda3/envs/nir/lib/python3.11/site-packages/torch/distributed/elastic/metrics/api.py", line 129, in wrapper
    result = f(*args, **kwargs)
             ^^^^^^^^^^^^^^^^^^
  File "/home/victor/anaconda3/envs/nir/lib/python3.11/site-packages/torch/distributed/elastic/agent/server/api.py", line 723, in run
    result = self._invoke_run(role)
             ^^^^^^^^^^^^^^^^^^^^^^
  File "/home/victor/anaconda3/envs/nir/lib/python3.11/site-packages/torch/distributed/elastic/agent/server/api.py", line 864, in _invoke_run
    time.sleep(monitor_interval)
  File "/home/victor/anaconda3/envs/nir/lib/python3.11/site-packages/torch/distributed/elastic/multiprocessing/api.py", line 62, in _terminate_process_handler
    raise SignalException(f"Process {os.getpid()} got signal: {sigval}", sigval=sigval)
torch.distributed.elastic.multiprocessing.api.SignalException: Process 2123 got signal: 1
Size([16, 8192])
block_21_self_attn            : (torch.Size([2, 8, 2048]), torch.Size([2, 32, 8, 8]), 'None')
block_21_fc1                  : torch.Size([16, 8192])
block_22_self_attn            : (torch.Size([2, 8, 2048]), torch.Size([2, 32, 8, 8]), 'None')
block_22_fc1                  : torch.Size([16, 8192])
block_23_self_attn            : (torch.Size([2, 8, 2048]), torch.Size([2, 32, 8, 8]), 'None')
block_23_fc1                  : torch.Size([16, 8192])

=== Step 4 ===
embedding                     : torch.Size([2, 9, 2048])
block_0_self_attn             : (torch.Size([2, 9, 2048]), torch.Size([2, 32, 9, 9]), 'None')
block_0_fc1                   : torch.Size([18, 8192])
block_1_self_attn             : (torch.Size([2, 9, 2048]), torch.Size([2, 32, 9, 9]), 'None')
block_1_fc1                   : torch.Size([18, 8192])
block_2_self_attn             : (torch.Size([2, 9, 2048]), torch.Size([2, 32, 9, 9]), 'None')
block_2_fc1                   : torch.Size([18, 8192])
block_3_self_attn             : (torch.Size([2, 9, 2048]), torch.Size([2, 32, 9, 9]), 'None')
block_3_fc1                   : torch.Size([18, 8192])
block_4_self_attn             : (torch.Size([2, 9, 2048]), torch.Size([2, 32, 9, 9]), 'None')
block_4_fc1                   : torch.Size([18, 8192])
block_5_self_attn             : (torch.Size([2, 9, 2048]), torch.Size([2, 32, 9, 9]), 'None')
block_5_fc1                   : torch.Size([18, 8192])
block_6_self_attn             : (torch.Size([2, 9, 2048]), torch.Size([2, 32, 9, 9]), 'None')
block_6_fc1                   : torch.Size([18, 8192])
block_7_self_attn             : (torch.Size([2, 9, 2048]), torch.Size([2, 32, 9, 9]), 'None')
block_7_fc1                   : torch.Size([18, 8192])
block_8_self_attn             : (torch.Size([2, 9, 2048]), torch.Size([2, 32, 9, 9]), 'None')
block_8_fc1                   : torch.Size([18, 8192])
block_9_self_attn             : (torch.Size([2, 9, 2048]), torch.Size([2, 32, 9, 9]), 'None')
block_9_fc1                   : torch.Size([18, 8192])
block_10_self_attn            : (torch.Size([2, 9, 2048]), torch.Size([2, 32, 9, 9]), 'None')
block_10_fc1                  : torch.Size([18, 8192])
block_11_self_attn            : (torch.Size([2, 9, 2048]), torch.Size([2, 32, 9, 9]), 'None')
block_11_fc1                  : torch.Size([18, 8192])
block_12_self_attn            : (torch.Size([2, 9, 2048]), torch.Size([2, 32, 9, 9]), 'None')
block_12_fc1                  : torch.Size([18, 8192])
block_13_self_attn            : (torch.Size([2, 9, 2048]), torch.Size([2, 32, 9, 9]), 'None')
block_13_fc1                  : torch.Size([18, 8192])
block_14_self_attn            : (torch.Size([2, 9, 2048]), torch.Size([2, 32, 9, 9]), 'None')
block_14_fc1                  : torch.Size([18, 8192])
block_15_self_attn            : (torch.Size([2, 9, 2048]), torch.Size([2, 32, 9, 9]), 'None')
block_15_fc1                  : torch.Size([18, 8192])
block_16_self_attn            : (torch.Size([2, 9, 2048]), torch.Size([2, 32, 9, 9]), 'None')
block_16_fc1                  : torch.Size([18, 8192])
block_17_self_attn            : (torch.Size([2, 9, 2048]), torch.Size([2, 32, 9, 9]), 'None')
block_17_fc1                  : torch.Size([18, 8192])
block_18_self_attn            : (torch.Size([2, 9, 2048]), torch.Size([2, 32, 9, 9]), 'None')
block_18_fc1                  : torch.Size([18, 8192])
block_19_self_attn            : (torch.Size([2, 9, 2048]), torch.Size([2, 32, 9, 9]), 'None')
block_19_fc1                  : torch.Size([18, 8192])
block_20_self_attn            : (torch.Size([2, 9, 2048]), torch.Size([2, 32, 9, 9]), 'None')
block_20_fc1                  : torch.Size([18, 8192])
block_21_self_attn            : (torch.Size([2, 9, 2048]), torch.Size([2, 32, 9, 9]), 'None')
block_21_fc1                  : torch.Size([18, 8192])
block_22_self_attn            : (torch.Size([2, 9, 2048]), torch.Size([2, 32, 9, 9]), 'None')
block_22_fc1                  : torch.Size([18, 8192])
block_23_self_attn            : (torch.Size([2, 9, 2048]), torch.Size([2, 32, 9, 9]), 'None')
block_23_fc1                  : torch.Size([18, 8192])

=== Step 5 ===
embedding                     : torch.Size([2, 10, 2048])
block_0_self_attn             : (torch.Size([2, 10, 2048]), torch.Size([2, 32, 10, 10]), 'None')
block_0_fc1                   : torch.Size([20, 8192])
block_1_self_attn             : (torch.Size([2, 10, 2048]), torch.Size([2, 32, 10, 10]), 'None')
block_1_fc1                   : torch.Size([20, 8192])
block_2_self_attn             : (torch.Size([2, 10, 2048]), torch.Size([2, 32, 10, 10]), 'None')
block_2_fc1                   : torch.Size([20, 8192])
block_3_self_attn             : (torch.Size([2, 10, 2048]), torch.Size([2, 32, 10, 10]), 'None')
block_3_fc1                   : torch.Size([20, 8192])
block_4_self_attn             : (torch.Size([2, 10, 2048]), torch.Size([2, 32, 10, 10]), 'None')
block_4_fc1                   : torch.Size([20, 8192])
block_5_self_attn             : (torch.Size([2, 10, 2048]), torch.Size([2, 32, 10, 10]), 'None')
block_5_fc1                   : torch.Size([20, 8192])
block_6_self_attn             : (torch.Size([2, 10, 2048]), torch.Size([2, 32, 10, 10]), 'None')
block_6_fc1                   : torch.Size([20, 8192])
block_7_self_attn             : (torch.Size([2, 10, 2048]), torch.Size([2, 32, 10, 10]), 'None')
block_7_fc1                   : torch.Size([20, 8192])
block_8_self_attn             : (torch.Size([2, 10, 2048]), torch.Size([2, 32, 10, 10]), 'None')
block_8_fc1                   : torch.Size([20, 8192])
block_9_self_attn             : (torch.Size([2, 10, 2048]), torch.Size([2, 32, 10, 10]), 'None')
block_9_fc1                   : torch.Size([20, 8192])
block_10_self_attn            : (torch.Size([2, 10, 2048]), torch.Size([2, 32, 10, 10]), 'None')
block_10_fc1                  : torch.Size([20, 8192])
block_11_self_attn            : (torch.Size([2, 10, 2048]), torch.Size([2, 32, 10, 10]), 'None')
block_11_fc1                  : torch.Size([20, 8192])
block_12_self_attn            : (torch.Size([2, 10, 2048]), torch.Size([2, 32, 10, 10]), 'None')
block_12_fc1                  : torch.Size([20, 8192])
block_13_self_attn            : (torch.Size([2, 10, 2048]), torch.Size([2, 32, 10, 10]), 'None')
block_13_fc1                  : torch.Size([20, 8192])
block_14_self_attn            : (torch.Size([2, 10, 2048]), torch.Size([2, 32, 10, 10]), 'None')
block_14_fc1                  : torch.Size([20, 8192])
block_15_self_attn            : (torch.Size([2, 10, 2048]), torch.Size([2, 32, 10, 10]), 'None')
block_15_fc1                  : torch.Size([20, 8192])
block_16_self_attn            : (torch.Size([2, 10, 2048]), torch.Size([2, 32, 10, 10]), 'None')
block_16_fc1                  : torch.Size([20, 8192])
block_17_self_attn            : (torch.Size([2, 10, 2048]), torch.Size([2, 32, 10, 10]), 'None')
block_17_fc1                  : torch.Size([20, 8192])
block_18_self_attn            : (torch.Size([2, 10, 2048]), torch.Size([2, 32, 10, 10]), 'None')
block_18_fc1                  : torch.Size([20, 8192])
block_19_self_attn            : (torch.Size([2, 10, 2048]), torch.Size([2, 32, 10, 10]), 'None')
block_19_fc1                  : torch.Size([20, 8192])
block_20_self_attn            : (torch.Size([2, 10, 2048]), torch.Size([2, 32, 10, 10]), 'None')
block_20_fc1                  : torch.Size([20, 8192])
block_21_self_attn            : (torch.Size([2, 10, 2048]), torch.Size([2, 32, 10, 10]), 'None')
block_21_fc1                  : torch.Size([20, 8192])
block_22_self_attn            : (torch.Size([2, 10, 2048]), torch.Size([2, 32, 10, 10]), 'None')
block_22_fc1                  : torch.Size([20, 8192])
block_23_self_attn            : (torch.Size([2, 10, 2048]), torch.Size([2, 32, 10, 10]), 'None')
block_23_fc1                  : torch.Size([20, 8192])

Generated text: Hello, my favorite model is the one with the
